2024-06-01 14:39:19,254 INFO o.s.b.StartupInfoLogger [main] Starting PostControllerTests using Java 17.0.10 with PID 8100 (started by sazmi in C:\Workspace\POSTS\SocialMediaPosts)
2024-06-01 14:39:19,258 INFO o.s.b.SpringApplication [main] No active profile set, falling back to 1 default profile: "default"
2024-06-01 14:39:20,268 INFO o.s.d.r.c.RepositoryConfigurationDelegate [main] Bootstrapping Spring Data JPA repositories in DEFAULT mode.
2024-06-01 14:39:20,339 INFO o.s.d.r.c.RepositoryConfigurationDelegate [main] Finished Spring Data repository scanning in 60 ms. Found 2 JPA repository interfaces.
2024-06-01 14:39:21,001 INFO c.z.h.HikariDataSource [main] HikariPool-1 - Starting...
2024-06-01 14:39:21,171 INFO c.z.h.p.HikariPool [main] HikariPool-1 - Added connection conn0: url=jdbc:h2:mem:testdb user=SA
2024-06-01 14:39:21,173 INFO c.z.h.HikariDataSource [main] HikariPool-1 - Start completed.
2024-06-01 14:39:21,234 INFO o.h.j.i.u.LogHelper [main] HHH000204: Processing PersistenceUnitInfo [name: default]
2024-06-01 14:39:21,297 INFO o.h.Version [main] HHH000412: Hibernate ORM core version 6.4.4.Final
2024-06-01 14:39:21,333 INFO o.h.c.i.RegionFactoryInitiator [main] HHH000026: Second-level cache disabled
2024-06-01 14:39:21,592 INFO o.s.o.j.p.SpringPersistenceUnitInfo [main] No LoadTimeWeaver setup: ignoring JPA class transformer
2024-06-01 14:39:22,398 INFO o.h.e.t.j.p.i.JtaPlatformInitiator [main] HHH000489: No JTA platform available (set 'hibernate.transaction.jta.platform' to enable JTA platform integration)
2024-06-01 14:39:22,440 INFO o.s.o.j.AbstractEntityManagerFactoryBean [main] Initialized JPA EntityManagerFactory for persistence unit 'default'
2024-06-01 14:39:23,183 WARN o.s.b.a.o.j.JpaBaseConfiguration$JpaWebConfiguration [main] spring.jpa.open-in-view is enabled by default. Therefore, database queries may be performed during view rendering. Explicitly configure spring.jpa.open-in-view to disable this warning
2024-06-01 14:39:23,218 WARN o.s.b.a.s.s.UserDetailsServiceAutoConfiguration [main] 

Using generated security password: 864097e3-39ad-4f55-ae23-b45f6fdb110d

This generated password is for development use only. Your security configuration must be updated before running your application in production.

2024-06-01 14:39:23,455 INFO o.s.b.a.h.H2ConsoleAutoConfiguration [main] H2 console available at '/h2-console'. Database available at 'jdbc:h2:mem:testdb'
2024-06-01 14:39:23,840 INFO o.s.b.a.e.w.EndpointLinksResolver [main] Exposing 1 endpoint(s) beneath base path '/actuator'
2024-06-01 14:39:23,906 INFO o.s.s.w.DefaultSecurityFilterChain [main] Will secure any request with [org.springframework.security.web.session.DisableEncodeUrlFilter@6ac0c3aa, org.springframework.security.web.context.request.async.WebAsyncManagerIntegrationFilter@ceeb762, org.springframework.security.web.context.SecurityContextHolderFilter@6979e9b8, org.springframework.security.web.header.HeaderWriterFilter@414d5660, org.springframework.security.web.authentication.logout.LogoutFilter@78fc5eb, org.springframework.security.web.savedrequest.RequestCacheAwareFilter@2d854c13, org.springframework.security.web.servletapi.SecurityContextHolderAwareRequestFilter@47b5c247, org.springframework.security.web.authentication.AnonymousAuthenticationFilter@3b75fdd0, org.springframework.security.web.access.ExceptionTranslationFilter@6a9861de, org.springframework.security.web.access.intercept.AuthorizationFilter@67de5328]
2024-06-01 14:39:24,477 INFO o.s.m.w.MockServletContext [main] Initializing Spring TestDispatcherServlet ''
2024-06-01 14:39:24,478 INFO o.s.w.s.FrameworkServlet [main] Initializing Servlet ''
2024-06-01 14:39:24,480 INFO o.s.w.s.FrameworkServlet [main] Completed initialization in 2 ms
2024-06-01 14:39:24,557 INFO o.s.b.StartupInfoLogger [main] Started PostControllerTests in 5.709 seconds (process running for 6.624)
2024-06-01 14:39:24,986 INFO c.e.s.r.PostController [main] Retrieved post successfully with id: 1
2024-06-01 14:39:25,109 ERROR c.e.s.s.PostService [main] Post not found with id: 999
2024-06-01 14:39:25,254 INFO c.e.s.r.PostController [main] Retrieved all posts successfully
2024-06-01 14:39:25,309 INFO c.e.s.r.PostController [main] Post updated successfully
2024-06-01 14:39:25,313 ERROR c.e.s.s.PostService [main] Post not found with id: 999
2024-06-01 14:39:25,324 INFO c.e.s.r.PostController [main] Post created successfully
2024-06-01 14:39:25,584 INFO c.e.s.r.PostController [main] Post deleted successfully with id: 1
2024-06-01 14:39:25,598 ERROR c.e.s.s.PostService [main] Post not found with id: 999
2024-06-01 14:39:25,608 INFO o.s.t.c.s.AnnotationConfigContextLoaderUtils [main] Could not detect default configuration classes for test class [com.example.socialmediaposts.SocialmediapostsApplicationTests]: SocialmediapostsApplicationTests does not declare any static, non-private, non-final, nested classes annotated with @Configuration.
2024-06-01 14:39:25,611 INFO o.s.b.t.c.SpringBootTestContextBootstrapper [main] Found @SpringBootConfiguration com.example.socialmediaposts.SocialmediapostsApplication for test class com.example.socialmediaposts.SocialmediapostsApplicationTests
2024-06-01 14:39:25,644 INFO o.s.b.StartupInfoLogger [main] Starting SocialmediapostsApplicationTests using Java 17.0.10 with PID 8100 (started by sazmi in C:\Workspace\POSTS\SocialMediaPosts)
2024-06-01 14:39:25,645 INFO o.s.b.SpringApplication [main] No active profile set, falling back to 1 default profile: "default"
2024-06-01 14:39:25,864 INFO o.s.d.r.c.RepositoryConfigurationDelegate [main] Bootstrapping Spring Data JPA repositories in DEFAULT mode.
2024-06-01 14:39:25,872 INFO o.s.d.r.c.RepositoryConfigurationDelegate [main] Finished Spring Data repository scanning in 7 ms. Found 2 JPA repository interfaces.
2024-06-01 14:39:25,958 INFO c.z.h.HikariDataSource [main] HikariPool-2 - Starting...
2024-06-01 14:39:25,959 INFO c.z.h.p.HikariPool [main] HikariPool-2 - Added connection conn10: url=jdbc:h2:mem:testdb user=SA
2024-06-01 14:39:25,959 INFO c.z.h.HikariDataSource [main] HikariPool-2 - Start completed.
2024-06-01 14:39:25,961 INFO o.h.j.i.u.LogHelper [main] HHH000204: Processing PersistenceUnitInfo [name: default]
2024-06-01 14:39:25,964 INFO o.h.c.i.RegionFactoryInitiator [main] HHH000026: Second-level cache disabled
2024-06-01 14:39:25,968 INFO o.s.o.j.p.SpringPersistenceUnitInfo [main] No LoadTimeWeaver setup: ignoring JPA class transformer
2024-06-01 14:39:26,007 INFO o.h.e.t.j.p.i.JtaPlatformInitiator [main] HHH000489: No JTA platform available (set 'hibernate.transaction.jta.platform' to enable JTA platform integration)
2024-06-01 14:39:26,012 INFO o.s.o.j.AbstractEntityManagerFactoryBean [main] Initialized JPA EntityManagerFactory for persistence unit 'default'
2024-06-01 14:39:26,114 WARN o.s.b.a.o.j.JpaBaseConfiguration$JpaWebConfiguration [main] spring.jpa.open-in-view is enabled by default. Therefore, database queries may be performed during view rendering. Explicitly configure spring.jpa.open-in-view to disable this warning
2024-06-01 14:39:26,131 WARN o.s.b.a.s.s.UserDetailsServiceAutoConfiguration [main] 

Using generated security password: 3a0d334d-0572-4836-9402-58d7bd8d794e

This generated password is for development use only. Your security configuration must be updated before running your application in production.

2024-06-01 14:39:26,179 INFO o.s.b.a.h.H2ConsoleAutoConfiguration [main] H2 console available at '/h2-console'. Database available at 'jdbc:h2:mem:testdb'
2024-06-01 14:39:26,287 INFO o.s.b.a.e.w.EndpointLinksResolver [main] Exposing 1 endpoint(s) beneath base path '/actuator'
2024-06-01 14:39:26,302 INFO o.s.s.w.DefaultSecurityFilterChain [main] Will secure any request with [org.springframework.security.web.session.DisableEncodeUrlFilter@11b59291, org.springframework.security.web.context.request.async.WebAsyncManagerIntegrationFilter@4e5361df, org.springframework.security.web.context.SecurityContextHolderFilter@5f519714, org.springframework.security.web.header.HeaderWriterFilter@206100aa, org.springframework.security.web.authentication.logout.LogoutFilter@32730f12, org.springframework.security.web.savedrequest.RequestCacheAwareFilter@23e883fb, org.springframework.security.web.servletapi.SecurityContextHolderAwareRequestFilter@1345d18f, org.springframework.security.web.authentication.AnonymousAuthenticationFilter@6fd77c16, org.springframework.security.web.access.ExceptionTranslationFilter@84e1883, org.springframework.security.web.access.intercept.AuthorizationFilter@19f8c830]
2024-06-01 14:39:26,487 INFO o.s.b.StartupInfoLogger [main] Started SocialmediapostsApplicationTests in 0.874 seconds (process running for 8.556)
2024-06-01 14:39:26,541 INFO o.s.o.j.AbstractEntityManagerFactoryBean [SpringApplicationShutdownHook] Closing JPA EntityManagerFactory for persistence unit 'default'
2024-06-01 14:39:26,544 INFO c.z.h.HikariDataSource [SpringApplicationShutdownHook] HikariPool-1 - Shutdown initiated...
2024-06-01 14:39:26,546 INFO c.z.h.HikariDataSource [SpringApplicationShutdownHook] HikariPool-1 - Shutdown completed.
2024-06-01 14:39:26,549 INFO o.s.o.j.AbstractEntityManagerFactoryBean [SpringApplicationShutdownHook] Closing JPA EntityManagerFactory for persistence unit 'default'
2024-06-01 14:39:26,551 INFO c.z.h.HikariDataSource [SpringApplicationShutdownHook] HikariPool-2 - Shutdown initiated...
2024-06-01 14:39:26,553 INFO c.z.h.HikariDataSource [SpringApplicationShutdownHook] HikariPool-2 - Shutdown completed.
